Running: C:\Xilinx\14.7\ISE_DS\ISE\bin\nt64\unwrapped\fuse.exe -intstyle ise -incremental -o D:/Desktop/procesador4/procesador 2 final alejandra/procesador 2 aleja/procesador_aleja/tb_windowsmanager_isim_beh.exe -prj D:/Desktop/procesador4/procesador 2 final alejandra/procesador 2 aleja/procesador_aleja/tb_windowsmanager_beh.prj work.tb_windowsmanager 
ISim P.20131013 (signature 0x7708f090)
Number of CPUs detected in this system: 4
Turning on mult-threading, number of parallel sub-compilation jobs: 8 
Determining compilation order of HDL files
Parsing VHDL file "D:/Desktop/procesador4/procesador 2 final alejandra/procesador 2 aleja/procesador_aleja/windows_manager.vhd" into library work
Parsing VHDL file "D:/Desktop/procesador4/procesador 2 final alejandra/procesador 2 aleja/procesador_aleja/tb_windowsmanager.vhd" into library work
Starting static elaboration
Completed static elaboration
Compiling package standard
Compiling package std_logic_1164
Compiling package numeric_std
Compiling package std_logic_arith
Compiling package std_logic_unsigned
Compiling architecture behavioral of entity WindowsManager [windowsmanager_default]
Compiling architecture behavior of entity tb_windowsmanager
Time Resolution for simulation is 1ps.
Waiting for 1 sub-compilation(s) to finish...
Compiled 8 VHDL Units
Built simulation executable D:/Desktop/procesador4/procesador 2 final alejandra/procesador 2 aleja/procesador_aleja/tb_windowsmanager_isim_beh.exe
Fuse Memory Usage: 36904 KB
Fuse CPU Usage: 654 ms
